2024-04-19T21:34:46.579Z info: Homepage Accessed
2024-04-19T22:01:11.949Z info: Homepage Accessed
2024-04-19T22:05:34.061Z info: Homepage Accessed
2024-04-19T22:14:38.727Z info: About Page Accessed
2024-04-19T22:14:44.997Z info: About Page Accessed
2024-04-19T22:19:21.405Z info: About Page Accessed
2024-04-19T22:20:01.797Z info: Contact Page Accessed
2024-04-19T22:20:12.506Z info: Check for  Authentication
2024-04-19T22:20:21.008Z info: Homepage Accessed
2024-04-19T22:31:46.865Z info: Homepage Accessed
2024-04-20T13:24:25.044Z info: Authentication page accessed
2024-04-20T14:13:04.333Z info: Homepage Accessed
2024-04-20T14:13:44.459Z info: Homepage Accessed
2024-04-20T15:28:13.415Z info: Contact Page Accessed
2024-04-20T15:34:14.765Z info: Check Authentication
2024-04-20T15:34:14.798Z info: Authentication page accessed
2024-04-20T15:42:16.029Z info: Authentication page accessed
2024-04-20T18:39:31.363Z info: Contact Page Accessed
2024-04-20T23:27:09.285Z info: Homepage Accessed
2024-04-20T23:27:41.392Z info: Homepage Accessed
2024-04-20T23:27:50.799Z info: Homepage Accessed
2024-04-20T23:30:51.651Z info: Homepage Accessed
2024-04-20T23:31:33.932Z info: Homepage Accessed
2024-04-20T23:37:24.550Z info: Homepage Accessed
2024-04-20T23:38:25.526Z info: Homepage Accessed
2024-04-20T23:38:27.040Z info: Homepage Accessed
2024-04-20T23:40:25.318Z info: Homepage Accessed
2024-04-20T23:56:18.925Z info: Homepage Accessed
2024-04-20T23:56:27.578Z info: Homepage Accessed
2024-04-20T23:56:31.761Z info: Homepage Accessed
2024-04-20T23:56:33.689Z info: Homepage Accessed
2024-04-20T23:56:34.476Z info: Homepage Accessed
2024-04-20T23:56:35.296Z info: Homepage Accessed
2024-04-21T00:00:41.064Z info: About Page Accessed
2024-04-21T00:01:28.939Z info: Check Authentication
2024-04-21T00:01:28.950Z info: Authentication page accessed
2024-04-21T00:01:33.197Z info: Contact Page Accessed
2024-04-21T01:58:59.890Z info: Homepage Accessed
2024-04-21T02:00:22.670Z info: Homepage Accessed
2024-04-21T02:00:23.530Z info: Homepage Accessed
2024-04-21T03:20:38.017Z info: Homepage Accessed
2024-04-21T03:20:39.971Z info: Homepage Accessed
2024-04-21T03:23:19.284Z info: Homepage Accessed
2024-04-23T01:11:05.560Z info: Login  Accessed
